SF:lib/hearthstone_api/src/hearthstone_api_client.dart
DA:20,1
DA:21,1
DA:27,1
DA:29,1
DA:32,1
DA:34,2
DA:36,1
DA:41,0
DA:42,0
DA:44,0
DA:46,0
DA:47,0
DA:49,0
DA:51,0
DA:53,0
DA:54,0
DA:55,0
LF:17
LH:7
end_of_record
SF:lib/hearthstone_api/src/models/card.dart
DA:7,0
DA:30,1
DA:31,1
LF:3
LH:2
end_of_record
SF:lib/hearthstone_api/src/models/card.g.dart
DA:11,2
DA:14,1
DA:15,0
DA:16,2
DA:17,2
DA:18,0
DA:19,0
DA:20,0
DA:21,0
DA:22,0
DA:23,0
DA:24,0
DA:25,0
DA:26,0
DA:27,0
DA:28,0
DA:29,0
DA:30,0
DA:31,0
DA:32,0
DA:33,0
DA:34,0
DA:35,0
LF:23
LH:4
end_of_record
SF:lib/main.dart
DA:3,0
DA:4,0
DA:8,2
DA:11,1
DA:13,1
DA:15,1
LF:6
LH:4
end_of_record
